0 info it worked if it ends with ok
1 verbose cli [ '/usr/bin/nodejs', '/usr/bin/npm', 'install', '-g', 'go-mon' ]
2 info using npm@1.2.18
3 info using node@v0.10.15
4 verbose read json /usr/local/lib/package.json
5 verbose read json /usr/local/lib/package.json
6 verbose cache add [ 'go-mon', null ]
7 verbose cache add name=undefined spec="go-mon" args=["go-mon",null]
8 verbose parsed url { protocol: null,
8 verbose parsed url   slashes: null,
8 verbose parsed url   auth: null,
8 verbose parsed url   host: null,
8 verbose parsed url   port: null,
8 verbose parsed url   hostname: null,
8 verbose parsed url   hash: null,
8 verbose parsed url   search: null,
8 verbose parsed url   query: null,
8 verbose parsed url   pathname: 'go-mon',
8 verbose parsed url   path: 'go-mon',
8 verbose parsed url   href: 'go-mon' }
9 silly lockFile cdd6b1af-go-mon go-mon
10 verbose lock go-mon /home/c0nrad/.npm/cdd6b1af-go-mon.lock
11 silly lockFile cdd6b1af-go-mon go-mon
12 silly lockFile cdd6b1af-go-mon go-mon
13 verbose addNamed [ 'go-mon', '' ]
14 verbose addNamed [ null, '*' ]
15 silly lockFile 0fd6d1f3-go-mon go-mon@
16 verbose lock go-mon@ /home/c0nrad/.npm/0fd6d1f3-go-mon.lock
17 silly addNameRange { name: 'go-mon', range: '*', hasData: false }
18 verbose url raw go-mon
19 verbose url resolving [ 'https://registry.npmjs.org/', './go-mon' ]
20 verbose url resolved https://registry.npmjs.org/go-mon
21 info trying registry request attempt 1 at 18:24:08
22 http GET https://registry.npmjs.org/go-mon
23 http 200 https://registry.npmjs.org/go-mon
24 silly registry.get cb [ 200,
24 silly registry.get   { date: 'Fri, 10 Jan 2014 23:24:08 GMT',
24 silly registry.get     server: 'CouchDB/1.5.0 (Erlang OTP/R15B03)',
24 silly registry.get     etag: '"C1T4XVBUUX3JC16G30PCL3I25"',
24 silly registry.get     'content-type': 'application/json',
24 silly registry.get     'content-length': '2514',
24 silly registry.get     'accept-ranges': 'bytes',
24 silly registry.get     via: '1.1 varnish',
24 silly registry.get     age: '0',
24 silly registry.get     'x-served-by': 'cache-d64-DAL',
24 silly registry.get     'x-cache': 'MISS',
24 silly registry.get     'x-cache-hits': '0',
24 silly registry.get     'x-timer': 'S1389396248.938433170,VS0,VE16',
24 silly registry.get     vary: 'Accept',
24 silly registry.get     'keep-alive': 'timeout=10, max=50',
24 silly registry.get     connection: 'Keep-Alive' } ]
25 silly addNameRange number 2 { name: 'go-mon', range: '*', hasData: true }
26 silly addNameRange versions [ 'go-mon', [ '0.0.0' ] ]
27 verbose addNamed [ 'go-mon', '0.0.0' ]
28 verbose addNamed [ '0.0.0', '0.0.0' ]
29 silly lockFile 52fb90e5-go-mon-0-0-0 go-mon@0.0.0
30 verbose lock go-mon@0.0.0 /home/c0nrad/.npm/52fb90e5-go-mon-0-0-0.lock
31 silly lockFile 20712749-pmjs-org-go-mon-go-mon-0-0-0-tgz https://registry.npmjs.org/go-mon/-/go-mon-0.0.0.tgz
32 verbose lock https://registry.npmjs.org/go-mon/-/go-mon-0.0.0.tgz /home/c0nrad/.npm/20712749-pmjs-org-go-mon-go-mon-0-0-0-tgz.lock
33 verbose addRemoteTarball [ 'https://registry.npmjs.org/go-mon/-/go-mon-0.0.0.tgz',
33 verbose addRemoteTarball   'f05d5f5ed6265fb8960d36a8108b2a7e965a9eb4' ]
34 info retry fetch attempt 1 at 18:24:09
35 verbose fetch to= /home/c0nrad/tmp/npm-4808/1389396249062-0.5579562555067241/tmp.tgz
36 http GET https://registry.npmjs.org/go-mon/-/go-mon-0.0.0.tgz
37 http 200 https://registry.npmjs.org/go-mon/-/go-mon-0.0.0.tgz
38 silly shasum updated bytes 1323
39 info shasum f05d5f5ed6265fb8960d36a8108b2a7e965a9eb4
39 info shasum /home/c0nrad/tmp/npm-4808/1389396249062-0.5579562555067241/tmp.tgz
40 verbose tar unpack /home/c0nrad/tmp/npm-4808/1389396249062-0.5579562555067241/tmp.tgz
41 silly lockFile 147620de-49062-0-5579562555067241-package /home/c0nrad/tmp/npm-4808/1389396249062-0.5579562555067241/package
42 verbose lock /home/c0nrad/tmp/npm-4808/1389396249062-0.5579562555067241/package /home/c0nrad/.npm/147620de-49062-0-5579562555067241-package.lock
43 silly lockFile ebc90609-49062-0-5579562555067241-tmp-tgz /home/c0nrad/tmp/npm-4808/1389396249062-0.5579562555067241/tmp.tgz
44 verbose lock /home/c0nrad/tmp/npm-4808/1389396249062-0.5579562555067241/tmp.tgz /home/c0nrad/.npm/ebc90609-49062-0-5579562555067241-tmp-tgz.lock
45 silly gunzTarPerm modes [ '755', '644' ]
46 silly gunzTarPerm extractEntry package.json
47 silly gunzTarPerm extractEntry README.md
48 silly gunzTarPerm extractEntry bin/gomon
49 verbose read json /home/c0nrad/tmp/npm-4808/1389396249062-0.5579562555067241/package/package.json
50 silly lockFile 147620de-49062-0-5579562555067241-package /home/c0nrad/tmp/npm-4808/1389396249062-0.5579562555067241/package
51 silly lockFile 147620de-49062-0-5579562555067241-package /home/c0nrad/tmp/npm-4808/1389396249062-0.5579562555067241/package
52 silly lockFile ebc90609-49062-0-5579562555067241-tmp-tgz /home/c0nrad/tmp/npm-4808/1389396249062-0.5579562555067241/tmp.tgz
53 silly lockFile ebc90609-49062-0-5579562555067241-tmp-tgz /home/c0nrad/tmp/npm-4808/1389396249062-0.5579562555067241/tmp.tgz
54 verbose from cache /home/c0nrad/tmp/npm-4808/1389396249062-0.5579562555067241/package/package.json
55 verbose tar pack [ '/home/c0nrad/.npm/go-mon/0.0.0/package.tgz',
55 verbose tar pack   '/home/c0nrad/tmp/npm-4808/1389396249062-0.5579562555067241/package' ]
56 verbose tarball /home/c0nrad/.npm/go-mon/0.0.0/package.tgz
57 verbose folder /home/c0nrad/tmp/npm-4808/1389396249062-0.5579562555067241/package
58 silly lockFile 147620de-49062-0-5579562555067241-package /home/c0nrad/tmp/npm-4808/1389396249062-0.5579562555067241/package
59 verbose lock /home/c0nrad/tmp/npm-4808/1389396249062-0.5579562555067241/package /home/c0nrad/.npm/147620de-49062-0-5579562555067241-package.lock
60 silly lockFile 48739248-rad-npm-go-mon-0-0-0-package-tgz /home/c0nrad/.npm/go-mon/0.0.0/package.tgz
61 verbose lock /home/c0nrad/.npm/go-mon/0.0.0/package.tgz /home/c0nrad/.npm/48739248-rad-npm-go-mon-0-0-0-package-tgz.lock
62 silly lockFile 147620de-49062-0-5579562555067241-package /home/c0nrad/tmp/npm-4808/1389396249062-0.5579562555067241/package
63 silly lockFile 147620de-49062-0-5579562555067241-package /home/c0nrad/tmp/npm-4808/1389396249062-0.5579562555067241/package
64 silly lockFile 48739248-rad-npm-go-mon-0-0-0-package-tgz /home/c0nrad/.npm/go-mon/0.0.0/package.tgz
65 silly lockFile 48739248-rad-npm-go-mon-0-0-0-package-tgz /home/c0nrad/.npm/go-mon/0.0.0/package.tgz
66 silly lockFile b265403c--c0nrad-npm-go-mon-0-0-0-package /home/c0nrad/.npm/go-mon/0.0.0/package
67 verbose lock /home/c0nrad/.npm/go-mon/0.0.0/package /home/c0nrad/.npm/b265403c--c0nrad-npm-go-mon-0-0-0-package.lock
68 silly lockFile b265403c--c0nrad-npm-go-mon-0-0-0-package /home/c0nrad/.npm/go-mon/0.0.0/package
69 silly lockFile b265403c--c0nrad-npm-go-mon-0-0-0-package /home/c0nrad/.npm/go-mon/0.0.0/package
70 verbose tar unpack /home/c0nrad/.npm/go-mon/0.0.0/package.tgz
71 silly lockFile b265403c--c0nrad-npm-go-mon-0-0-0-package /home/c0nrad/.npm/go-mon/0.0.0/package
72 verbose lock /home/c0nrad/.npm/go-mon/0.0.0/package /home/c0nrad/.npm/b265403c--c0nrad-npm-go-mon-0-0-0-package.lock
73 silly lockFile 48739248-rad-npm-go-mon-0-0-0-package-tgz /home/c0nrad/.npm/go-mon/0.0.0/package.tgz
74 verbose lock /home/c0nrad/.npm/go-mon/0.0.0/package.tgz /home/c0nrad/.npm/48739248-rad-npm-go-mon-0-0-0-package-tgz.lock
75 silly gunzTarPerm modes [ '755', '644' ]
76 silly gunzTarPerm extractEntry package.json
77 silly gunzTarPerm extractEntry README.md
78 silly gunzTarPerm extractEntry bin/gomon
79 verbose read json /home/c0nrad/.npm/go-mon/0.0.0/package/package.json
80 silly lockFile b265403c--c0nrad-npm-go-mon-0-0-0-package /home/c0nrad/.npm/go-mon/0.0.0/package
81 silly lockFile b265403c--c0nrad-npm-go-mon-0-0-0-package /home/c0nrad/.npm/go-mon/0.0.0/package
82 silly lockFile 48739248-rad-npm-go-mon-0-0-0-package-tgz /home/c0nrad/.npm/go-mon/0.0.0/package.tgz
83 silly lockFile 48739248-rad-npm-go-mon-0-0-0-package-tgz /home/c0nrad/.npm/go-mon/0.0.0/package.tgz
84 silly shasum updated bytes 1317
85 info shasum ca08103adf67806d127b9381c480fbe8b131de70
85 info shasum /home/c0nrad/.npm/go-mon/0.0.0/package.tgz
86 verbose from cache /home/c0nrad/.npm/go-mon/0.0.0/package/package.json
87 verbose chmod /home/c0nrad/.npm/go-mon/0.0.0/package.tgz 644
88 verbose chown /home/c0nrad/.npm/go-mon/0.0.0/package.tgz [ 1000, 1000 ]
89 silly lockFile 20712749-pmjs-org-go-mon-go-mon-0-0-0-tgz https://registry.npmjs.org/go-mon/-/go-mon-0.0.0.tgz
90 silly lockFile 20712749-pmjs-org-go-mon-go-mon-0-0-0-tgz https://registry.npmjs.org/go-mon/-/go-mon-0.0.0.tgz
91 silly lockFile 52fb90e5-go-mon-0-0-0 go-mon@0.0.0
92 silly lockFile 52fb90e5-go-mon-0-0-0 go-mon@0.0.0
93 silly lockFile 0fd6d1f3-go-mon go-mon@
94 silly lockFile 0fd6d1f3-go-mon go-mon@
95 silly resolved [ { name: 'go-mon',
95 silly resolved     version: '0.0.0',
95 silly resolved     description: 'Simple monitor script for use during development of a golang app.',
95 silly resolved     main: 'bin/gomon',
95 silly resolved     bin: { gomon: 'bin/gomon' },
95 silly resolved     scripts: { test: 'node test/test.js' },
95 silly resolved     repository:
95 silly resolved      { type: 'git',
95 silly resolved        url: 'http://github.com/johannesboyne/gomon.git' },
95 silly resolved     keywords: [ 'golang', 'go', 'monitoring', 'reload' ],
95 silly resolved     author: { name: 'Johannes Boyne', email: 'johannes@boyne.de' },
95 silly resolved     license: 'MIT',
95 silly resolved     dependencies: { minimist: '0.0.5', watch: '~0.8.0', colors: '~0.6.2' },
95 silly resolved     readme: './gomon\n=======\n\nIt is a bit like [nodemon](http://remy.github.io/nodemon/) just for GO or [Alex\' Golang Automatic Reloads](http://www.alexedwards.net/blog/golang-automatic-reloads). And I only quickly wrote it for myself but it is very simple and you are **invited** to improve this little helper!\n\nIt sets the `$GOPATH` for you and you can install it via `npm install -g go-mon` (or like a pro `npm i -g go-mon`).\n\nThen just run a go programm like `gomon staticsmoothie.go`!',
95 silly resolved     readmeFilename: 'README.md',
95 silly resolved     _id: 'go-mon@0.0.0',
95 silly resolved     dist: { shasum: 'ca08103adf67806d127b9381c480fbe8b131de70' },
95 silly resolved     _from: 'go-mon@',
95 silly resolved     _resolved: 'https://registry.npmjs.org/go-mon/-/go-mon-0.0.0.tgz' } ]
96 info install go-mon@0.0.0 into /usr/local/lib
97 info installOne go-mon@0.0.0
98 verbose from cache /home/c0nrad/.npm/go-mon/0.0.0/package/package.json
99 info /usr/local/lib/node_modules/go-mon unbuild
100 verbose read json /usr/local/lib/node_modules/go-mon/package.json
101 verbose tar unpack /home/c0nrad/.npm/go-mon/0.0.0/package.tgz
102 silly lockFile 599b3985-sr-local-lib-node-modules-go-mon /usr/local/lib/node_modules/go-mon
103 verbose lock /usr/local/lib/node_modules/go-mon /home/c0nrad/.npm/599b3985-sr-local-lib-node-modules-go-mon.lock
104 silly lockFile 48739248-rad-npm-go-mon-0-0-0-package-tgz /home/c0nrad/.npm/go-mon/0.0.0/package.tgz
105 verbose lock /home/c0nrad/.npm/go-mon/0.0.0/package.tgz /home/c0nrad/.npm/48739248-rad-npm-go-mon-0-0-0-package-tgz.lock
106 silly gunzTarPerm modes [ '755', '644' ]
107 error Error: EACCES, mkdir '/usr/local/lib/node_modules/go-mon'
107 error  { [Error: EACCES, mkdir '/usr/local/lib/node_modules/go-mon']
107 error   errno: 3,
107 error   code: 'EACCES',
107 error   path: '/usr/local/lib/node_modules/go-mon',
107 error   fstream_type: 'Directory',
107 error   fstream_path: '/usr/local/lib/node_modules/go-mon',
107 error   fstream_class: 'DirWriter',
107 error   fstream_stack:
107 error    [ '/usr/lib/nodejs/fstream/lib/dir-writer.js:36:23',
107 error      '/usr/lib/nodejs/mkdirp/index.js:51:17',
107 error      'Object.oncomplete (fs.js:107:15)' ] }
108 error Please try running this command again as root/Administrator.
109 error System Linux 3.11.0-14-generic
110 error command "/usr/bin/nodejs" "/usr/bin/npm" "install" "-g" "go-mon"
111 error cwd /home/c0nrad/Projects/lifetracker-go
112 error node -v v0.10.15
113 error npm -v 1.2.18
114 error path /usr/local/lib/node_modules/go-mon
115 error fstream_path /usr/local/lib/node_modules/go-mon
116 error fstream_type Directory
117 error fstream_class DirWriter
118 error code EACCES
119 error errno 3
120 error stack Error: EACCES, mkdir '/usr/local/lib/node_modules/go-mon'
121 error fstream_stack /usr/lib/nodejs/fstream/lib/dir-writer.js:36:23
121 error fstream_stack /usr/lib/nodejs/mkdirp/index.js:51:17
121 error fstream_stack Object.oncomplete (fs.js:107:15)
122 verbose exit [ 3, true ]
